<?xml version="1.0" encoding="UTF-8"?>
<!-- Generated by org.testng.reporters.JUnitReportReporter -->
<testsuite skipped="0" hostname="MININT-GO4K3F2" name="com.sdettraining.day4.C_19_3_DDT_DB" tests="1" failures="0" timestamp="20 Dec 2018 20:38:03 GMT" time="98.488" errors="0">
  <testcase name="tc_Login" time="98.488" classname="com.sdettraining.day4.C_19_3_DDT_DB"/>
</testsuite> <!-- com.sdettraining.day4.C_19_3_DDT_DB -->
