<?xml version="1.0" encoding="UTF-8"?>
<!-- Generated by org.testng.reporters.JUnitReportReporter -->
<testsuite skipped="0" hostname="MININT-GO4K3F2" name="com.sdettrainingSele.com.sdettrainingSele.day1.TestNgEx" tests="5" failures="0" timestamp="17 Dec 2018 21:54:11 GMT" time="0.016" errors="0">
  <testcase name="LoginTest1" time="0.016" classname="com.sdettrainingSele.com.sdettrainingSele.day1.TestNgEx"/>
  <testcase name="f" time="0.000" classname="com.sdettrainingSele.com.sdettrainingSele.day1.TestNgEx"/>
  <testcase name="LoginTest2" time="0.000" classname="com.sdettrainingSele.com.sdettrainingSele.day1.TestNgEx"/>
  <testcase name="searchTest1" time="0.000" classname="com.sdettrainingSele.com.sdettrainingSele.day1.TestNgEx"/>
  <testcase name="searchTest2" time="0.000" classname="com.sdettrainingSele.com.sdettrainingSele.day1.TestNgEx"/>
</testsuite> <!-- com.sdettrainingSele.com.sdettrainingSele.day1.TestNgEx -->
