<?xml version="1.0" encoding="UTF-8"?>
<!-- Generated by org.testng.reporters.JUnitReportReporter -->
<testsuite skipped="0" hostname="MININT-GO4K3F2" name="com.sdettrainingSele.com.sdettrainingSele.day1.TestNgDemo" tests="1" failures="0" timestamp="17 Dec 2018 21:02:03 GMT" time="0.016" errors="0">
  <testcase name="f" time="0.016" classname="com.sdettrainingSele.com.sdettrainingSele.day1.TestNgDemo"/>
</testsuite> <!-- com.sdettrainingSele.com.sdettrainingSele.day1.TestNgDemo -->
