<?xml version="1.0" encoding="UTF-8"?>
<!-- Generated by org.testng.reporters.JUnitReportReporter -->
<testsuite skipped="0" hostname="MININT-GO4K3F2" name="com.sdettrainingSele.day2.C_17_4e_TestNG_DataProvider" tests="4" failures="0" timestamp="19 Dec 2018 15:03:02 GMT" time="79.224" errors="0">
  <testcase name="tc_shoppingCartTesting" time="17.050" classname="com.sdettrainingSele.day2.C_17_4e_TestNG_DataProvider"/>
  <testcase name="tc_shoppingCartTesting" time="18.779" classname="com.sdettrainingSele.day2.C_17_4e_TestNG_DataProvider"/>
  <testcase name="tc_shoppingCartTesting" time="26.292" classname="com.sdettrainingSele.day2.C_17_4e_TestNG_DataProvider"/>
  <testcase name="tc_shoppingCartTesting" time="17.103" classname="com.sdettrainingSele.day2.C_17_4e_TestNG_DataProvider"/>
</testsuite> <!-- com.sdettrainingSele.day2.C_17_4e_TestNG_DataProvider -->
