<?xml version="1.0" encoding="UTF-8"?>
<!-- Generated by org.testng.reporters.JUnitReportReporter -->
<testsuite skipped="0" hostname="MININT-GO4K3F2" name="POM.FMHerndonSMJ.Cucumer.TestRunner" tests="1" failures="0" timestamp="21 Dec 2018 19:18:07 GMT" time="0.012" errors="0">
  <testcase name="feature" time="0.012" classname="POM.FMHerndonSMJ.Cucumer.TestRunner"/>
</testsuite> <!-- POM.FMHerndonSMJ.Cucumer.TestRunner -->
